app/build/intermediates/manifest_merge_blame_file/debug/manifest-merger-blame-debug-report.txt
1<?xml version="1.0" encoding="utf-8"?>
2<manifest xmlns:android="http://schemas.android.com/apk/res/android"
3    xmlns:dist="http://schemas.android.com/apk/distribution"
4    package="com.example.uottawawalk_in"
5    android:versionCode="1"
6    android:versionName="1.0" >
7
8    <uses-sdk
9        android:minSdkVersion="16"
9-->src\main\AndroidManifest.xml
10        android:targetSdkVersion="29" />
10-->src\main\AndroidManifest.xml
11
12    <dist:module dist:instant="true" />
12-->src\main\AndroidManifest.xml:6:5-40
12-->src\main\AndroidManifest.xml:6:18-37
13
14    <uses-permission android:name="android.permission.INTERNET" /> <!-- Although the *SdkVersion is captured in gradle build files, this is required for non gradle builds -->
14-->[com.firebaseui:firebase-ui-database:6.1.0] AndroidManifest.xml:11:5-67
14-->[com.firebaseui:firebase-ui-database:6.1.0] AndroidManifest.xml:11:22-64
15    <!-- <uses-sdk android:minSdkVersion="14"/> -->
16    <uses-permission android:name="android.permission.ACCESS_NETWORK_STATE" />
16-->[com.google.firebase:firebase-database:19.2.0] AndroidManifest.xml:25:5-79
16-->[com.google.firebase:firebase-database:19.2.0] AndroidManifest.xml:25:22-76
17    <uses-permission android:name="android.permission.WAKE_LOCK" /> <!-- Required by older versions of Google Play services to create IID tokens -->
17-->[com.google.android.gms:play-services-measurement-api:17.2.0] AndroidManifest.xml:24:5-68
17-->[com.google.android.gms:play-services-measurement-api:17.2.0] AndroidManifest.xml:24:22-65
18    <uses-permission android:name="com.google.android.c2dm.permission.RECEIVE" />
18-->[com.google.firebase:firebase-iid:19.0.0] AndroidManifest.xml:26:5-82
18-->[com.google.firebase:firebase-iid:19.0.0] AndroidManifest.xml:26:22-79
19    <uses-permission android:name="com.google.android.finsky.permission.BIND_GET_INSTALL_REFERRER_SERVICE" />
19-->[com.google.android.gms:play-services-measurement:17.2.0] AndroidManifest.xml:26:5-110
19-->[com.google.android.gms:play-services-measurement:17.2.0] AndroidManifest.xml:26:22-107
20
21    <application
21-->src\main\AndroidManifest.xml:8:5-31:19
22        android:allowBackup="true"
22-->src\main\AndroidManifest.xml:9:9-35
23        android:appComponentFactory="androidx.core.app.CoreComponentFactory"
23-->[androidx.core:core:1.1.0] AndroidManifest.xml:24:18-86
24        android:debuggable="true"
25        android:icon="@mipmap/ic_launcher"
25-->src\main\AndroidManifest.xml:10:9-43
26        android:label="@string/app_name"
26-->src\main\AndroidManifest.xml:11:9-41
27        android:roundIcon="@mipmap/ic_launcher_round"
27-->src\main\AndroidManifest.xml:12:9-54
28        android:supportsRtl="true"
28-->src\main\AndroidManifest.xml:13:9-35
29        android:testOnly="true"
30        android:theme="@style/AppTheme" >
30-->src\main\AndroidManifest.xml:14:9-40
31        <activity android:name="com.example.uottawawalk_in.SearchClinicActivity" />
31-->src\main\AndroidManifest.xml:16:9-58
31-->src\main\AndroidManifest.xml:16:19-55
32        <activity android:name="com.example.uottawawalk_in.AvailabilityActivity" />
32-->src\main\AndroidManifest.xml:17:9-58
32-->src\main\AndroidManifest.xml:17:19-55
33        <activity android:name="com.example.uottawawalk_in.AddServiceProfile" />
33-->src\main\AndroidManifest.xml:18:9-55
33-->src\main\AndroidManifest.xml:18:19-52
34        <activity android:name="com.example.uottawawalk_in.EditServiceActivity" />
34-->src\main\AndroidManifest.xml:19:9-57
34-->src\main\AndroidManifest.xml:19:19-54
35        <activity android:name="com.example.uottawawalk_in.AddServiceActivity" />
35-->src\main\AndroidManifest.xml:20:9-56
35-->src\main\AndroidManifest.xml:20:19-53
36        <activity android:name="com.example.uottawawalk_in.ServiceActivity" />
36-->src\main\AndroidManifest.xml:21:9-53
36-->src\main\AndroidManifest.xml:21:19-50
37        <activity android:name="com.example.uottawawalk_in.HomeActivity" />
37-->src\main\AndroidManifest.xml:22:9-50
37-->src\main\AndroidManifest.xml:22:19-47
38        <activity android:name="com.example.uottawawalk_in.LoginActivity" />
38-->src\main\AndroidManifest.xml:23:9-51
38-->src\main\AndroidManifest.xml:23:19-48
39        <activity android:name="com.example.uottawawalk_in.MainActivity" >
39-->src\main\AndroidManifest.xml:24:9-30:20
39-->src\main\AndroidManifest.xml:24:19-47
40            <intent-filter>
40-->src\main\AndroidManifest.xml:25:13-29:29
41                <action android:name="android.intent.action.MAIN" />
41-->src\main\AndroidManifest.xml:26:17-69
41-->src\main\AndroidManifest.xml:26:25-66
42
43                <category android:name="android.intent.category.LAUNCHER" />
43-->src\main\AndroidManifest.xml:28:17-77
43-->src\main\AndroidManifest.xml:28:27-74
44            </intent-filter>
45        </activity>
46        <activity
46-->[com.google.firebase:firebase-auth:19.1.0] AndroidManifest.xml:24:9-31:50
47            android:name="com.google.firebase.auth.internal.FederatedSignInActivity"
47-->[com.google.firebase:firebase-auth:19.1.0] AndroidManifest.xml:25:13-85
48            android:excludeFromRecents="true"
48-->[com.google.firebase:firebase-auth:19.1.0] AndroidManifest.xml:26:13-46
49            android:exported="true"
49-->[com.google.firebase:firebase-auth:19.1.0] AndroidManifest.xml:27:13-36
50            android:launchMode="singleTask"
50-->[com.google.firebase:firebase-auth:19.1.0] AndroidManifest.xml:28:13-44
51            android:permission="com.google.firebase.auth.api.gms.permission.LAUNCH_FEDERATED_SIGN_IN"
51-->[com.google.firebase:firebase-auth:19.1.0] AndroidManifest.xml:29:13-102
52            android:theme="@android:style/Theme.Translucent.NoTitleBar" />
52-->[com.google.firebase:firebase-auth:19.1.0] AndroidManifest.xml:30:13-72
53
54        <service
54-->[com.google.firebase:firebase-auth:19.1.0] AndroidManifest.xml:33:9-39:19
55            android:name="com.google.firebase.components.ComponentDiscoveryService"
55-->[com.google.firebase:firebase-auth:19.1.0] AndroidManifest.xml:34:13-84
56            android:directBootAware="true"
56-->[com.google.firebase:firebase-common:19.2.0] AndroidManifest.xml:15:13-43
57            android:exported="false" >
57-->[com.google.firebase:firebase-auth:19.1.0] AndroidManifest.xml:35:13-37
58            <meta-data
58-->[com.google.firebase:firebase-auth:19.1.0] AndroidManifest.xml:36:13-38:85
59                android:name="com.google.firebase.components:com.google.firebase.auth.FirebaseAuthRegistrar"
59-->[com.google.firebase:firebase-auth:19.1.0] AndroidManifest.xml:37:17-109
60                android:value="com.google.firebase.components.ComponentRegistrar" />
60-->[com.google.firebase:firebase-auth:19.1.0] AndroidManifest.xml:38:17-82
61            <meta-data
61-->[com.google.firebase:firebase-database:19.2.0] AndroidManifest.xml:32:13-34:85
62                android:name="com.google.firebase.components:com.google.firebase.database.DatabaseRegistrar"
62-->[com.google.firebase:firebase-database:19.2.0] AndroidManifest.xml:33:17-109
63                android:value="com.google.firebase.components.ComponentRegistrar" />
63-->[com.google.firebase:firebase-database:19.2.0] AndroidManifest.xml:34:17-82
64            <meta-data
64-->[com.google.android.gms:play-services-measurement-api:17.2.0] AndroidManifest.xml:30:13-32:85
65                android:name="com.google.firebase.components:com.google.firebase.analytics.connector.internal.AnalyticsConnectorRegistrar"
65-->[com.google.android.gms:play-services-measurement-api:17.2.0] AndroidManifest.xml:31:17-139
66                android:value="com.google.firebase.components.ComponentRegistrar" />
66-->[com.google.android.gms:play-services-measurement-api:17.2.0] AndroidManifest.xml:32:17-82
67            <meta-data
67-->[com.google.firebase:firebase-iid:19.0.0] AndroidManifest.xml:32:13-34:85
68                android:name="com.google.firebase.components:com.google.firebase.iid.Registrar"
68-->[com.google.firebase:firebase-iid:19.0.0] AndroidManifest.xml:33:17-96
69                android:value="com.google.firebase.components.ComponentRegistrar" />
69-->[com.google.firebase:firebase-iid:19.0.0] AndroidManifest.xml:34:17-82
70        </service>
71
72        <receiver
72-->[com.google.firebase:firebase-iid:19.0.0] AndroidManifest.xml:37:9-44:20
73            android:name="com.google.firebase.iid.FirebaseInstanceIdReceiver"
73-->[com.google.firebase:firebase-iid:19.0.0] AndroidManifest.xml:38:13-78
74            android:exported="true"
74-->[com.google.firebase:firebase-iid:19.0.0] AndroidManifest.xml:39:13-36
75            android:permission="com.google.android.c2dm.permission.SEND" >
75-->[com.google.firebase:firebase-iid:19.0.0] AndroidManifest.xml:40:13-73
76            <intent-filter>
76-->[com.google.firebase:firebase-iid:19.0.0] AndroidManifest.xml:41:13-43:29
77                <action android:name="com.google.android.c2dm.intent.RECEIVE" />
77-->[com.google.firebase:firebase-iid:19.0.0] AndroidManifest.xml:42:17-81
77-->[com.google.firebase:firebase-iid:19.0.0] AndroidManifest.xml:42:25-78
78            </intent-filter>
79        </receiver>
80
81        <activity
81-->[com.google.android.gms:play-services-base:17.1.0] AndroidManifest.xml:23:9-26:75
82            android:name="com.google.android.gms.common.api.GoogleApiActivity"
82-->[com.google.android.gms:play-services-base:17.1.0] AndroidManifest.xml:24:13-79
83            android:exported="false"
83-->[com.google.android.gms:play-services-base:17.1.0] AndroidManifest.xml:25:13-37
84            android:theme="@android:style/Theme.Translucent.NoTitleBar" />
84-->[com.google.android.gms:play-services-base:17.1.0] AndroidManifest.xml:26:13-72
85
86        <provider
86-->[com.google.firebase:firebase-common:19.2.0] AndroidManifest.xml:19:9-23:39
87            android:name="com.google.firebase.provider.FirebaseInitProvider"
87-->[com.google.firebase:firebase-common:19.2.0] AndroidManifest.xml:20:13-77
88            android:authorities="com.example.uottawawalk_in.firebaseinitprovider"
88-->[com.google.firebase:firebase-common:19.2.0] AndroidManifest.xml:21:13-72
89            android:exported="false"
89-->[com.google.firebase:firebase-common:19.2.0] AndroidManifest.xml:22:13-37
90            android:initOrder="100" />
90-->[com.google.firebase:firebase-common:19.2.0] AndroidManifest.xml:23:13-36
91
92        <receiver
92-->[com.google.android.gms:play-services-measurement:17.2.0] AndroidManifest.xml:29:9-33:20
93            android:name="com.google.android.gms.measurement.AppMeasurementReceiver"
93-->[com.google.android.gms:play-services-measurement:17.2.0] AndroidManifest.xml:30:13-85
94            android:enabled="true"
94-->[com.google.android.gms:play-services-measurement:17.2.0] AndroidManifest.xml:31:13-35
95            android:exported="false" >
95-->[com.google.android.gms:play-services-measurement:17.2.0] AndroidManifest.xml:32:13-37
96        </receiver>
97        <receiver
97-->[com.google.android.gms:play-services-measurement:17.2.0] AndroidManifest.xml:34:9-42:20
98            android:name="com.google.android.gms.measurement.AppMeasurementInstallReferrerReceiver"
98-->[com.google.android.gms:play-services-measurement:17.2.0] AndroidManifest.xml:35:13-100
99            android:enabled="true"
99-->[com.google.android.gms:play-services-measurement:17.2.0] AndroidManifest.xml:36:13-35
100            android:exported="true"
100-->[com.google.android.gms:play-services-measurement:17.2.0] AndroidManifest.xml:37:13-36
101            android:permission="android.permission.INSTALL_PACKAGES" >
101-->[com.google.android.gms:play-services-measurement:17.2.0] AndroidManifest.xml:38:13-69
102            <intent-filter>
102-->[com.google.android.gms:play-services-measurement:17.2.0] AndroidManifest.xml:39:13-41:29
103                <action android:name="com.android.vending.INSTALL_REFERRER" />
103-->[com.google.android.gms:play-services-measurement:17.2.0] AndroidManifest.xml:40:17-79
103-->[com.google.android.gms:play-services-measurement:17.2.0] AndroidManifest.xml:40:25-76
104            </intent-filter>
105        </receiver>
106
107        <service
107-->[com.google.android.gms:play-services-measurement:17.2.0] AndroidManifest.xml:44:9-47:40
108            android:name="com.google.android.gms.measurement.AppMeasurementService"
108-->[com.google.android.gms:play-services-measurement:17.2.0] AndroidManifest.xml:45:13-84
109            android:enabled="true"
109-->[com.google.android.gms:play-services-measurement:17.2.0] AndroidManifest.xml:46:13-35
110            android:exported="false" />
110-->[com.google.android.gms:play-services-measurement:17.2.0] AndroidManifest.xml:47:13-37
111        <service
111-->[com.google.android.gms:play-services-measurement:17.2.0] AndroidManifest.xml:48:9-52:72
112            android:name="com.google.android.gms.measurement.AppMeasurementJobService"
112-->[com.google.android.gms:play-services-measurement:17.2.0] AndroidManifest.xml:49:13-87
113            android:enabled="true"
113-->[com.google.android.gms:play-services-measurement:17.2.0] AndroidManifest.xml:50:13-35
114            android:exported="false"
114-->[com.google.android.gms:play-services-measurement:17.2.0] AndroidManifest.xml:51:13-37
115            android:permission="android.permission.BIND_JOB_SERVICE" />
115-->[com.google.android.gms:play-services-measurement:17.2.0] AndroidManifest.xml:52:13-69
116
117        <meta-data
117-->[com.google.android.gms:play-services-basement:17.0.0] AndroidManifest.xml:23:9-25:69
118            android:name="com.google.android.gms.version"
118-->[com.google.android.gms:play-services-basement:17.0.0] AndroidManifest.xml:24:13-58
119            android:value="@integer/google_play_services_version" />
119-->[com.google.android.gms:play-services-basement:17.0.0] AndroidManifest.xml:25:13-66
120    </application>
121
122</manifest>